[19-Mar-2022 00:46:13 America/Guayaquil] url 0 -> principal
[19-Mar-2022 00:46:13 America/Guayaquil] construct
[19-Mar-2022 00:46:13 America/Guayaquil] init
[19-Mar-2022 00:46:13 America/Guayaquil] getjsonfileconfig
[19-Mar-2022 00:46:13 America/Guayaquil] SESSIONCONTROLLER::validateSession
[19-Mar-2022 00:46:13 America/Guayaquil] existsSession 1
[19-Mar-2022 00:46:13 America/Guayaquil] existSession 2
[19-Mar-2022 00:46:13 America/Guayaquil] getCurrentUser
[19-Mar-2022 00:46:13 America/Guayaquil] getCurrentUser
[19-Mar-2022 00:46:13 America/Guayaquil] userid: 1
[19-Mar-2022 00:46:13 America/Guayaquil] getCurrentUser
[19-Mar-2022 00:46:13 America/Guayaquil] SESSIONCONTROLLER::getUserSessionData -> 1
[19-Mar-2022 00:46:13 America/Guayaquil] role 2
[19-Mar-2022 00:46:13 America/Guayaquil] SESSIONCONTROLLER::GETCurrentPage -> principal
[19-Mar-2022 00:46:13 America/Guayaquil] currentURL principal
[19-Mar-2022 00:46:13 America/Guayaquil] entrar al for, no pasa condiciones
[19-Mar-2022 00:46:13 America/Guayaquil] SESSIONCONTROLLER::GETCurrentPage -> principal
[19-Mar-2022 00:46:13 America/Guayaquil] getCurrentUser
[19-Mar-2022 00:46:13 America/Guayaquil] SESSIONCONTROLLER::getUserSessionData -> 1
[19-Mar-2022 00:46:15 America/Guayaquil] url 0 -> logout
[19-Mar-2022 00:46:15 America/Guayaquil] construct
[19-Mar-2022 00:46:15 America/Guayaquil] init
[19-Mar-2022 00:46:15 America/Guayaquil] getjsonfileconfig
[19-Mar-2022 00:46:15 America/Guayaquil] SESSIONCONTROLLER::validateSession
[19-Mar-2022 00:46:15 America/Guayaquil] existsSession 1
[19-Mar-2022 00:46:15 America/Guayaquil] existSession 2
[19-Mar-2022 00:46:15 America/Guayaquil] getCurrentUser
[19-Mar-2022 00:46:15 America/Guayaquil] getCurrentUser
[19-Mar-2022 00:46:15 America/Guayaquil] userid: 1
[19-Mar-2022 00:46:15 America/Guayaquil] getCurrentUser
[19-Mar-2022 00:46:15 America/Guayaquil] SESSIONCONTROLLER::getUserSessionData -> 1
[19-Mar-2022 00:46:15 America/Guayaquil] role 2
[19-Mar-2022 00:46:15 America/Guayaquil] SESSIONCONTROLLER::GETCurrentPage -> logout
[19-Mar-2022 00:46:15 America/Guayaquil] currentURL logout
[19-Mar-2022 00:46:15 America/Guayaquil] entrar al for, no pasa condiciones
[19-Mar-2022 00:46:15 America/Guayaquil] SESSIONCONTROLLER::GETCurrentPage -> logout
[19-Mar-2022 00:46:15 America/Guayaquil] url 0 -> 
[19-Mar-2022 00:46:15 America/Guayaquil] APP::construct->no hay controlador especificado 
[19-Mar-2022 00:46:15 America/Guayaquil] controler
[19-Mar-2022 00:46:15 America/Guayaquil] main antes de construct
[19-Mar-2022 00:46:15 America/Guayaquil] construct
[19-Mar-2022 00:46:15 America/Guayaquil] init
[19-Mar-2022 00:46:15 America/Guayaquil] getjsonfileconfig
[19-Mar-2022 00:46:15 America/Guayaquil] SESSIONCONTROLLER::validateSession
[19-Mar-2022 00:46:15 America/Guayaquil] existsSession 1
[19-Mar-2022 00:46:15 America/Guayaquil] existSession 2
[19-Mar-2022 00:46:15 America/Guayaquil] caso contrario existsSession
[19-Mar-2022 00:46:15 America/Guayaquil] SESSIONCONTROLLER::GETCurrentPage -> 
[19-Mar-2022 00:46:15 America/Guayaquil] currentURL 
[19-Mar-2022 00:46:15 America/Guayaquil] entrar al for, pasa condiciones
[19-Mar-2022 00:46:15 America/Guayaquil] site:  access: public
[19-Mar-2022 00:46:15 America/Guayaquil] entra a isPublic en caso contrario
[19-Mar-2022 00:46:15 America/Guayaquil] main despues de construct
[19-Mar-2022 00:46:15 America/Guayaquil] despues de render
[19-Mar-2022 00:46:23 America/Guayaquil] url 0 -> main
[19-Mar-2022 00:46:23 America/Guayaquil] main antes de construct
[19-Mar-2022 00:46:23 America/Guayaquil] construct
[19-Mar-2022 00:46:23 America/Guayaquil] init
[19-Mar-2022 00:46:23 America/Guayaquil] getjsonfileconfig
[19-Mar-2022 00:46:23 America/Guayaquil] SESSIONCONTROLLER::validateSession
[19-Mar-2022 00:46:23 America/Guayaquil] existsSession 1
[19-Mar-2022 00:46:23 America/Guayaquil] existSession 2
[19-Mar-2022 00:46:23 America/Guayaquil] caso contrario existsSession
[19-Mar-2022 00:46:23 America/Guayaquil] SESSIONCONTROLLER::GETCurrentPage -> main
[19-Mar-2022 00:46:23 America/Guayaquil] currentURL main
[19-Mar-2022 00:46:23 America/Guayaquil] entrar al for, no pasa condiciones
[19-Mar-2022 00:46:23 America/Guayaquil] redireccion
[19-Mar-2022 00:46:23 America/Guayaquil] main despues de construct
[19-Mar-2022 00:46:23 America/Guayaquil] No tiene parametros, se manda a llamar el metodo
[19-Mar-2022 00:46:23 America/Guayaquil] getPost juan  123
[19-Mar-2022 00:46:23 America/Guayaquil] initialize
[19-Mar-2022 00:46:23 America/Guayaquil] setCurrentUser
[19-Mar-2022 00:46:23 America/Guayaquil] id1
[19-Mar-2022 00:46:23 America/Guayaquil] url 0 -> principal
[19-Mar-2022 00:46:23 America/Guayaquil] construct
[19-Mar-2022 00:46:23 America/Guayaquil] init
[19-Mar-2022 00:46:23 America/Guayaquil] getjsonfileconfig
[19-Mar-2022 00:46:23 America/Guayaquil] SESSIONCONTROLLER::validateSession
[19-Mar-2022 00:46:23 America/Guayaquil] existsSession 1
[19-Mar-2022 00:46:23 America/Guayaquil] existSession 2
[19-Mar-2022 00:46:23 America/Guayaquil] getCurrentUser
[19-Mar-2022 00:46:23 America/Guayaquil] getCurrentUser
[19-Mar-2022 00:46:23 America/Guayaquil] userid: 1
[19-Mar-2022 00:46:23 America/Guayaquil] getCurrentUser
[19-Mar-2022 00:46:23 America/Guayaquil] SESSIONCONTROLLER::getUserSessionData -> 1
[19-Mar-2022 00:46:23 America/Guayaquil] role 2
[19-Mar-2022 00:46:23 America/Guayaquil] SESSIONCONTROLLER::GETCurrentPage -> principal
[19-Mar-2022 00:46:23 America/Guayaquil] currentURL principal
[19-Mar-2022 00:46:23 America/Guayaquil] entrar al for, no pasa condiciones
[19-Mar-2022 00:46:23 America/Guayaquil] SESSIONCONTROLLER::GETCurrentPage -> principal
[19-Mar-2022 00:46:23 America/Guayaquil] getCurrentUser
[19-Mar-2022 00:46:23 America/Guayaquil] SESSIONCONTROLLER::getUserSessionData -> 1
[19-Mar-2022 00:46:31 America/Guayaquil] url 0 -> logout
[19-Mar-2022 00:46:31 America/Guayaquil] construct
[19-Mar-2022 00:46:31 America/Guayaquil] init
[19-Mar-2022 00:46:31 America/Guayaquil] getjsonfileconfig
[19-Mar-2022 00:46:31 America/Guayaquil] SESSIONCONTROLLER::validateSession
[19-Mar-2022 00:46:31 America/Guayaquil] existsSession 1
[19-Mar-2022 00:46:31 America/Guayaquil] existSession 2
[19-Mar-2022 00:46:31 America/Guayaquil] getCurrentUser
[19-Mar-2022 00:46:31 America/Guayaquil] getCurrentUser
[19-Mar-2022 00:46:31 America/Guayaquil] userid: 1
[19-Mar-2022 00:46:31 America/Guayaquil] getCurrentUser
[19-Mar-2022 00:46:31 America/Guayaquil] SESSIONCONTROLLER::getUserSessionData -> 1
[19-Mar-2022 00:46:31 America/Guayaquil] role 2
[19-Mar-2022 00:46:31 America/Guayaquil] SESSIONCONTROLLER::GETCurrentPage -> logout
[19-Mar-2022 00:46:31 America/Guayaquil] currentURL logout
[19-Mar-2022 00:46:31 America/Guayaquil] entrar al for, no pasa condiciones
[19-Mar-2022 00:46:31 America/Guayaquil] SESSIONCONTROLLER::GETCurrentPage -> logout
[19-Mar-2022 00:46:31 America/Guayaquil] url 0 -> 
[19-Mar-2022 00:46:31 America/Guayaquil] APP::construct->no hay controlador especificado 
[19-Mar-2022 00:46:31 America/Guayaquil] controler
[19-Mar-2022 00:46:31 America/Guayaquil] main antes de construct
[19-Mar-2022 00:46:31 America/Guayaquil] construct
[19-Mar-2022 00:46:31 America/Guayaquil] init
[19-Mar-2022 00:46:31 America/Guayaquil] getjsonfileconfig
[19-Mar-2022 00:46:31 America/Guayaquil] SESSIONCONTROLLER::validateSession
[19-Mar-2022 00:46:31 America/Guayaquil] existsSession 1
[19-Mar-2022 00:46:31 America/Guayaquil] existSession 2
[19-Mar-2022 00:46:31 America/Guayaquil] caso contrario existsSession
[19-Mar-2022 00:46:31 America/Guayaquil] SESSIONCONTROLLER::GETCurrentPage -> 
[19-Mar-2022 00:46:31 America/Guayaquil] currentURL 
[19-Mar-2022 00:46:31 America/Guayaquil] entrar al for, pasa condiciones
[19-Mar-2022 00:46:31 America/Guayaquil] site:  access: public
[19-Mar-2022 00:46:31 America/Guayaquil] entra a isPublic en caso contrario
[19-Mar-2022 00:46:31 America/Guayaquil] main despues de construct
[19-Mar-2022 00:46:31 America/Guayaquil] despues de render
