[25-Mar-2022 09:15:14 America/Guayaquil] url 0 -> 
[25-Mar-2022 09:15:14 America/Guayaquil] APP::construct->no hay controlador especificado 
[25-Mar-2022 09:15:14 America/Guayaquil] controler
[25-Mar-2022 09:15:14 America/Guayaquil] main antes de construct
[25-Mar-2022 09:15:14 America/Guayaquil] construct
[25-Mar-2022 09:15:14 America/Guayaquil] init
[25-Mar-2022 09:15:14 America/Guayaquil] getjsonfileconfig
[25-Mar-2022 09:15:14 America/Guayaquil] SESSIONCONTROLLER::validateSession
[25-Mar-2022 09:15:14 America/Guayaquil] existsSession 1
[25-Mar-2022 09:15:14 America/Guayaquil] existSession 2
[25-Mar-2022 09:15:14 America/Guayaquil] caso contrario existsSession
[25-Mar-2022 09:15:14 America/Guayaquil] SESSIONCONTROLLER::GETCurrentPage -> 
[25-Mar-2022 09:15:14 America/Guayaquil] currentURL 
[25-Mar-2022 09:15:14 America/Guayaquil] entrar al for, pasa condiciones
[25-Mar-2022 09:15:14 America/Guayaquil] site:  access: public
[25-Mar-2022 09:15:14 America/Guayaquil] entra a isPublic en caso contrario
[25-Mar-2022 09:15:14 America/Guayaquil] main despues de construct
[25-Mar-2022 09:15:14 America/Guayaquil] despues de render
[25-Mar-2022 09:25:45 America/Guayaquil] url 0 -> public
[25-Mar-2022 09:25:45 America/Guayaquil] Errors::construct -> Inicio de Errores
[25-Mar-2022 09:25:45 America/Guayaquil] despues de errors
[25-Mar-2022 09:25:45 America/Guayaquil] url 0 -> public
[25-Mar-2022 09:25:45 America/Guayaquil] Errors::construct -> Inicio de Errores
[25-Mar-2022 09:25:45 America/Guayaquil] despues de errors
[25-Mar-2022 10:02:34 America/Guayaquil] url 0 -> 
[25-Mar-2022 10:02:34 America/Guayaquil] APP::construct->no hay controlador especificado 
[25-Mar-2022 10:02:34 America/Guayaquil] controler
[25-Mar-2022 10:02:34 America/Guayaquil] main antes de construct
[25-Mar-2022 10:02:34 America/Guayaquil] construct
[25-Mar-2022 10:02:34 America/Guayaquil] init
[25-Mar-2022 10:02:34 America/Guayaquil] getjsonfileconfig
[25-Mar-2022 10:02:34 America/Guayaquil] SESSIONCONTROLLER::validateSession
[25-Mar-2022 10:02:34 America/Guayaquil] existsSession 1
[25-Mar-2022 10:02:34 America/Guayaquil] existSession 2
[25-Mar-2022 10:02:34 America/Guayaquil] caso contrario existsSession
[25-Mar-2022 10:02:34 America/Guayaquil] SESSIONCONTROLLER::GETCurrentPage -> 
[25-Mar-2022 10:02:34 America/Guayaquil] currentURL 
[25-Mar-2022 10:02:34 America/Guayaquil] entrar al for, pasa condiciones
[25-Mar-2022 10:02:34 America/Guayaquil] site:  access: public
[25-Mar-2022 10:02:34 America/Guayaquil] entra a isPublic en caso contrario
[25-Mar-2022 10:02:34 America/Guayaquil] main despues de construct
[25-Mar-2022 10:02:34 America/Guayaquil] despues de render
